0 info it worked if it ends with ok
1 verbose cli [ '/Users/Lcaceda/.nvm/versions/node/v5.6.0/bin/node',
1 verbose cli   '/Users/Lcaceda/.npm-packages/bin/npm',
1 verbose cli   'run',
1 verbose cli   'deve' ]
2 info using npm@4.1.1
3 info using node@v5.6.0
4 verbose stack Error: missing script: deve
4 verbose stack     at run (/Users/Lcaceda/.npm-packages/lib/node_modules/npm/lib/run-script.js:151:19)
4 verbose stack     at /Users/Lcaceda/.npm-packages/lib/node_modules/npm/lib/run-script.js:61:5
4 verbose stack     at /Users/Lcaceda/.npm-packages/lib/node_modules/npm/node_modules/read-package-json/read-json.js:356:5
4 verbose stack     at checkBinReferences_ (/Users/Lcaceda/.npm-packages/lib/node_modules/npm/node_modules/read-package-json/read-json.js:320:45)
4 verbose stack     at final (/Users/Lcaceda/.npm-packages/lib/node_modules/npm/node_modules/read-package-json/read-json.js:354:3)
4 verbose stack     at then (/Users/Lcaceda/.npm-packages/lib/node_modules/npm/node_modules/read-package-json/read-json.js:124:5)
4 verbose stack     at /Users/Lcaceda/.npm-packages/lib/node_modules/npm/node_modules/read-package-json/read-json.js:311:12
4 verbose stack     at /Users/Lcaceda/.npm-packages/lib/node_modules/npm/node_modules/graceful-fs/graceful-fs.js:78:16
4 verbose stack     at tryToString (fs.js:414:3)
4 verbose stack     at FSReqWrap.readFileAfterClose [as oncomplete] (fs.js:401:12)
5 verbose cwd /Users/Lcaceda/Documents/repos/waterwatch
6 error Darwin 16.7.0
7 error argv "/Users/Lcaceda/.nvm/versions/node/v5.6.0/bin/node" "/Users/Lcaceda/.npm-packages/bin/npm" "run" "deve"
8 error node v5.6.0
9 error npm  v4.1.1
10 error missing script: deve
11 error If you need help, you may report this error at:
11 error     <https://github.com/npm/npm/issues>
12 verbose exit [ 1, true ]
